2016.04.01 17:18:42 org.jivesoftware.openfire.container.AdminConsolePlugin - An exception occurred while trying to make available the admin console via HTTPS.
java.lang.NullPointerException
	at org.jivesoftware.openfire.container.AdminConsolePlugin.startup(AdminConsolePlugin.java:144)
	at org.jivesoftware.openfire.container.AdminConsolePlugin.initializePlugin(AdminConsolePlugin.java:244)
	at org.jivesoftware.openfire.container.PluginManager.loadPlugin(PluginManager.java:447)
	at org.jivesoftware.openfire.container.PluginManager.access$1(PluginManager.java:263)
	at org.jivesoftware.openfire.container.PluginManager$PluginMonitor.run(PluginManager.java:1037)
	at java.util.concurrent.Executors$RunnableAdapter.call(Unknown Source)
	at java.util.concurrent.FutureTask.runAndReset(Unknown Source)
	at java.util.concurrent.ScheduledThreadPoolExecutor$ScheduledFutureTask.access$301(Unknown Source)
	at java.util.concurrent.ScheduledThreadPoolExecutor$ScheduledFutureTask.run(Unknown Source)
	at java.util.concurrent.ThreadPoolExecutor.runWorker(Unknown Source)
	at java.util.concurrent.ThreadPoolExecutor$Worker.run(Unknown Source)
	at java.lang.Thread.run(Unknown Source)
2016.04.01 17:18:42 org.jivesoftware.openfire.container.AdminConsolePlugin - Could not start admin console server
java.net.BindException: Address already in use: bind
	at sun.nio.ch.Net.bind0(Native Method)
	at sun.nio.ch.Net.bind(Unknown Source)
	at sun.nio.ch.Net.bind(Unknown Source)
	at sun.nio.ch.ServerSocketChannelImpl.bind(Unknown Source)
	at sun.nio.ch.ServerSocketAdaptor.bind(Unknown Source)
	at org.eclipse.jetty.server.ServerConnector.open(ServerConnector.java:321)
	at org.eclipse.jetty.server.AbstractNetworkConnector.doStart(AbstractNetworkConnector.java:80)
	at org.eclipse.jetty.server.ServerConnector.doStart(ServerConnector.java:236)
	at org.eclipse.jetty.util.component.AbstractLifeCycle.start(AbstractLifeCycle.java:68)
	at org.eclipse.jetty.server.Server.doStart(Server.java:366)
	at org.eclipse.jetty.util.component.AbstractLifeCycle.start(AbstractLifeCycle.java:68)
	at org.jivesoftware.openfire.container.AdminConsolePlugin.startup(AdminConsolePlugin.java:208)
	at org.jivesoftware.openfire.container.AdminConsolePlugin.initializePlugin(AdminConsolePlugin.java:244)
	at org.jivesoftware.openfire.container.PluginManager.loadPlugin(PluginManager.java:447)
	at org.jivesoftware.openfire.container.PluginManager.access$1(PluginManager.java:263)
	at org.jivesoftware.openfire.container.PluginManager$PluginMonitor.run(PluginManager.java:1037)
	at java.util.concurrent.Executors$RunnableAdapter.call(Unknown Source)
	at java.util.concurrent.FutureTask.runAndReset(Unknown Source)
	at java.util.concurrent.ScheduledThreadPoolExecutor$ScheduledFutureTask.access$301(Unknown Source)
	at java.util.concurrent.ScheduledThreadPoolExecutor$ScheduledFutureTask.run(Unknown Source)
	at java.util.concurrent.ThreadPoolExecutor.runWorker(Unknown Source)
	at java.util.concurrent.ThreadPoolExecutor$Worker.run(Unknown Source)
	at java.lang.Thread.run(Unknown Source)
2016.04.01 17:34:05 org.jivesoftware.openfire.container.AdminConsolePlugin - An exception occurred while trying to make available the admin console via HTTPS.
java.lang.NullPointerException
	at org.jivesoftware.openfire.container.AdminConsolePlugin.startup(AdminConsolePlugin.java:144)
	at org.jivesoftware.openfire.container.AdminConsolePlugin.initializePlugin(AdminConsolePlugin.java:244)
	at org.jivesoftware.openfire.container.PluginManager.loadPlugin(PluginManager.java:447)
	at org.jivesoftware.openfire.container.PluginManager.access$1(PluginManager.java:263)
	at org.jivesoftware.openfire.container.PluginManager$PluginMonitor.run(PluginManager.java:1037)
	at java.util.concurrent.Executors$RunnableAdapter.call(Unknown Source)
	at java.util.concurrent.FutureTask.runAndReset(Unknown Source)
	at java.util.concurrent.ScheduledThreadPoolExecutor$ScheduledFutureTask.access$301(Unknown Source)
	at java.util.concurrent.ScheduledThreadPoolExecutor$ScheduledFutureTask.run(Unknown Source)
	at java.util.concurrent.ThreadPoolExecutor.runWorker(Unknown Source)
	at java.util.concurrent.ThreadPoolExecutor$Worker.run(Unknown Source)
	at java.lang.Thread.run(Unknown Source)
2016.04.01 17:34:05 org.jivesoftware.openfire.container.AdminConsolePlugin - Could not start admin console server
java.net.BindException: Address already in use: bind
	at sun.nio.ch.Net.bind0(Native Method)
	at sun.nio.ch.Net.bind(Unknown Source)
	at sun.nio.ch.Net.bind(Unknown Source)
	at sun.nio.ch.ServerSocketChannelImpl.bind(Unknown Source)
	at sun.nio.ch.ServerSocketAdaptor.bind(Unknown Source)
	at org.eclipse.jetty.server.ServerConnector.open(ServerConnector.java:321)
	at org.eclipse.jetty.server.AbstractNetworkConnector.doStart(AbstractNetworkConnector.java:80)
	at org.eclipse.jetty.server.ServerConnector.doStart(ServerConnector.java:236)
	at org.eclipse.jetty.util.component.AbstractLifeCycle.start(AbstractLifeCycle.java:68)
	at org.eclipse.jetty.server.Server.doStart(Server.java:366)
	at org.eclipse.jetty.util.component.AbstractLifeCycle.start(AbstractLifeCycle.java:68)
	at org.jivesoftware.openfire.container.AdminConsolePlugin.startup(AdminConsolePlugin.java:208)
	at org.jivesoftware.openfire.container.AdminConsolePlugin.initializePlugin(AdminConsolePlugin.java:244)
	at org.jivesoftware.openfire.container.PluginManager.loadPlugin(PluginManager.java:447)
	at org.jivesoftware.openfire.container.PluginManager.access$1(PluginManager.java:263)
	at org.jivesoftware.openfire.container.PluginManager$PluginMonitor.run(PluginManager.java:1037)
	at java.util.concurrent.Executors$RunnableAdapter.call(Unknown Source)
	at java.util.concurrent.FutureTask.runAndReset(Unknown Source)
	at java.util.concurrent.ScheduledThreadPoolExecutor$ScheduledFutureTask.access$301(Unknown Source)
	at java.util.concurrent.ScheduledThreadPoolExecutor$ScheduledFutureTask.run(Unknown Source)
	at java.util.concurrent.ThreadPoolExecutor.runWorker(Unknown Source)
	at java.util.concurrent.ThreadPoolExecutor$Worker.run(Unknown Source)
	at java.lang.Thread.run(Unknown Source)
2016.04.01 17:35:00 org.jivesoftware.openfire.container.AdminConsolePlugin - An exception occurred while trying to make available the admin console via HTTPS.
java.lang.NullPointerException
	at org.jivesoftware.openfire.container.AdminConsolePlugin.startup(AdminConsolePlugin.java:144)
	at org.jivesoftware.openfire.container.AdminConsolePlugin.initializePlugin(AdminConsolePlugin.java:244)
	at org.jivesoftware.openfire.container.PluginManager.loadPlugin(PluginManager.java:447)
	at org.jivesoftware.openfire.container.PluginManager.access$1(PluginManager.java:263)
	at org.jivesoftware.openfire.container.PluginManager$PluginMonitor.run(PluginManager.java:1037)
	at java.util.concurrent.Executors$RunnableAdapter.call(Unknown Source)
	at java.util.concurrent.FutureTask.runAndReset(Unknown Source)
	at java.util.concurrent.ScheduledThreadPoolExecutor$ScheduledFutureTask.access$301(Unknown Source)
	at java.util.concurrent.ScheduledThreadPoolExecutor$ScheduledFutureTask.run(Unknown Source)
	at java.util.concurrent.ThreadPoolExecutor.runWorker(Unknown Source)
	at java.util.concurrent.ThreadPoolExecutor$Worker.run(Unknown Source)
	at java.lang.Thread.run(Unknown Source)
2016.04.01 17:35:01 org.jivesoftware.openfire.container.AdminConsolePlugin - Could not start admin console server
java.net.BindException: Address already in use: bind
	at sun.nio.ch.Net.bind0(Native Method)
	at sun.nio.ch.Net.bind(Unknown Source)
	at sun.nio.ch.Net.bind(Unknown Source)
	at sun.nio.ch.ServerSocketChannelImpl.bind(Unknown Source)
	at sun.nio.ch.ServerSocketAdaptor.bind(Unknown Source)
	at org.eclipse.jetty.server.ServerConnector.open(ServerConnector.java:321)
	at org.eclipse.jetty.server.AbstractNetworkConnector.doStart(AbstractNetworkConnector.java:80)
	at org.eclipse.jetty.server.ServerConnector.doStart(ServerConnector.java:236)
	at org.eclipse.jetty.util.component.AbstractLifeCycle.start(AbstractLifeCycle.java:68)
	at org.eclipse.jetty.server.Server.doStart(Server.java:366)
	at org.eclipse.jetty.util.component.AbstractLifeCycle.start(AbstractLifeCycle.java:68)
	at org.jivesoftware.openfire.container.AdminConsolePlugin.startup(AdminConsolePlugin.java:208)
	at org.jivesoftware.openfire.container.AdminConsolePlugin.initializePlugin(AdminConsolePlugin.java:244)
	at org.jivesoftware.openfire.container.PluginManager.loadPlugin(PluginManager.java:447)
	at org.jivesoftware.openfire.container.PluginManager.access$1(PluginManager.java:263)
	at org.jivesoftware.openfire.container.PluginManager$PluginMonitor.run(PluginManager.java:1037)
	at java.util.concurrent.Executors$RunnableAdapter.call(Unknown Source)
	at java.util.concurrent.FutureTask.runAndReset(Unknown Source)
	at java.util.concurrent.ScheduledThreadPoolExecutor$ScheduledFutureTask.access$301(Unknown Source)
	at java.util.concurrent.ScheduledThreadPoolExecutor$ScheduledFutureTask.run(Unknown Source)
	at java.util.concurrent.ThreadPoolExecutor.runWorker(Unknown Source)
	at java.util.concurrent.ThreadPoolExecutor$Worker.run(Unknown Source)
	at java.lang.Thread.run(Unknown Source)
2016.04.01 17:35:17 org.jivesoftware.openfire.container.AdminConsolePlugin - An exception occurred while trying to make available the admin console via HTTPS.
java.lang.NullPointerException
	at org.jivesoftware.openfire.container.AdminConsolePlugin.startup(AdminConsolePlugin.java:144)
	at org.jivesoftware.openfire.container.AdminConsolePlugin.initializePlugin(AdminConsolePlugin.java:244)
	at org.jivesoftware.openfire.container.PluginManager.loadPlugin(PluginManager.java:447)
	at org.jivesoftware.openfire.container.PluginManager.access$1(PluginManager.java:263)
	at org.jivesoftware.openfire.container.PluginManager$PluginMonitor.run(PluginManager.java:1037)
	at java.util.concurrent.Executors$RunnableAdapter.call(Unknown Source)
	at java.util.concurrent.FutureTask.runAndReset(Unknown Source)
	at java.util.concurrent.ScheduledThreadPoolExecutor$ScheduledFutureTask.access$301(Unknown Source)
	at java.util.concurrent.ScheduledThreadPoolExecutor$ScheduledFutureTask.run(Unknown Source)
	at java.util.concurrent.ThreadPoolExecutor.runWorker(Unknown Source)
	at java.util.concurrent.ThreadPoolExecutor$Worker.run(Unknown Source)
	at java.lang.Thread.run(Unknown Source)
2016.04.01 17:35:17 org.jivesoftware.openfire.container.AdminConsolePlugin - Could not start admin console server
java.net.BindException: Address already in use: bind
	at sun.nio.ch.Net.bind0(Native Method)
	at sun.nio.ch.Net.bind(Unknown Source)
	at sun.nio.ch.Net.bind(Unknown Source)
	at sun.nio.ch.ServerSocketChannelImpl.bind(Unknown Source)
	at sun.nio.ch.ServerSocketAdaptor.bind(Unknown Source)
	at org.eclipse.jetty.server.ServerConnector.open(ServerConnector.java:321)
	at org.eclipse.jetty.server.AbstractNetworkConnector.doStart(AbstractNetworkConnector.java:80)
	at org.eclipse.jetty.server.ServerConnector.doStart(ServerConnector.java:236)
	at org.eclipse.jetty.util.component.AbstractLifeCycle.start(AbstractLifeCycle.java:68)
	at org.eclipse.jetty.server.Server.doStart(Server.java:366)
	at org.eclipse.jetty.util.component.AbstractLifeCycle.start(AbstractLifeCycle.java:68)
	at org.jivesoftware.openfire.container.AdminConsolePlugin.startup(AdminConsolePlugin.java:208)
	at org.jivesoftware.openfire.container.AdminConsolePlugin.initializePlugin(AdminConsolePlugin.java:244)
	at org.jivesoftware.openfire.container.PluginManager.loadPlugin(PluginManager.java:447)
	at org.jivesoftware.openfire.container.PluginManager.access$1(PluginManager.java:263)
	at org.jivesoftware.openfire.container.PluginManager$PluginMonitor.run(PluginManager.java:1037)
	at java.util.concurrent.Executors$RunnableAdapter.call(Unknown Source)
	at java.util.concurrent.FutureTask.runAndReset(Unknown Source)
	at java.util.concurrent.ScheduledThreadPoolExecutor$ScheduledFutureTask.access$301(Unknown Source)
	at java.util.concurrent.ScheduledThreadPoolExecutor$ScheduledFutureTask.run(Unknown Source)
	at java.util.concurrent.ThreadPoolExecutor.runWorker(Unknown Source)
	at java.util.concurrent.ThreadPoolExecutor$Worker.run(Unknown Source)
	at java.lang.Thread.run(Unknown Source)
2016.04.01 17:37:34 org.jivesoftware.openfire.container.AdminConsolePlugin - An exception occurred while trying to make available the admin console via HTTPS.
java.lang.NullPointerException
	at org.jivesoftware.openfire.container.AdminConsolePlugin.startup(AdminConsolePlugin.java:144)
	at org.jivesoftware.openfire.container.AdminConsolePlugin.initializePlugin(AdminConsolePlugin.java:244)
	at org.jivesoftware.openfire.container.PluginManager.loadPlugin(PluginManager.java:447)
	at org.jivesoftware.openfire.container.PluginManager.access$1(PluginManager.java:263)
	at org.jivesoftware.openfire.container.PluginManager$PluginMonitor.run(PluginManager.java:1037)
	at java.util.concurrent.Executors$RunnableAdapter.call(Unknown Source)
	at java.util.concurrent.FutureTask.runAndReset(Unknown Source)
	at java.util.concurrent.ScheduledThreadPoolExecutor$ScheduledFutureTask.access$301(Unknown Source)
	at java.util.concurrent.ScheduledThreadPoolExecutor$ScheduledFutureTask.run(Unknown Source)
	at java.util.concurrent.ThreadPoolExecutor.runWorker(Unknown Source)
	at java.util.concurrent.ThreadPoolExecutor$Worker.run(Unknown Source)
	at java.lang.Thread.run(Unknown Source)
2016.04.01 17:46:28 org.jivesoftware.openfire.container.AdminConsolePlugin - An exception occurred while trying to make available the admin console via HTTPS.
java.lang.NullPointerException
	at org.jivesoftware.openfire.container.AdminConsolePlugin.startup(AdminConsolePlugin.java:144)
	at org.jivesoftware.openfire.container.AdminConsolePlugin.initializePlugin(AdminConsolePlugin.java:244)
	at org.jivesoftware.openfire.container.PluginManager.loadPlugin(PluginManager.java:447)
	at org.jivesoftware.openfire.container.PluginManager.access$1(PluginManager.java:263)
	at org.jivesoftware.openfire.container.PluginManager$PluginMonitor.run(PluginManager.java:1037)
	at java.util.concurrent.Executors$RunnableAdapter.call(Unknown Source)
	at java.util.concurrent.FutureTask.runAndReset(Unknown Source)
	at java.util.concurrent.ScheduledThreadPoolExecutor$ScheduledFutureTask.access$301(Unknown Source)
	at java.util.concurrent.ScheduledThreadPoolExecutor$ScheduledFutureTask.run(Unknown Source)
	at java.util.concurrent.ThreadPoolExecutor.runWorker(Unknown Source)
	at java.util.concurrent.ThreadPoolExecutor$Worker.run(Unknown Source)
	at java.lang.Thread.run(Unknown Source)
2016.04.01 17:49:24 org.jivesoftware.openfire.container.AdminConsolePlugin - An exception occurred while trying to make available the admin console via HTTPS.
java.lang.NullPointerException
	at org.jivesoftware.openfire.container.AdminConsolePlugin.startup(AdminConsolePlugin.java:144)
	at org.jivesoftware.openfire.container.AdminConsolePlugin.initializePlugin(AdminConsolePlugin.java:244)
	at org.jivesoftware.openfire.container.PluginManager.loadPlugin(PluginManager.java:447)
	at org.jivesoftware.openfire.container.PluginManager.access$1(PluginManager.java:263)
	at org.jivesoftware.openfire.container.PluginManager$PluginMonitor.run(PluginManager.java:1037)
	at java.util.concurrent.Executors$RunnableAdapter.call(Unknown Source)
	at java.util.concurrent.FutureTask.runAndReset(Unknown Source)
	at java.util.concurrent.ScheduledThreadPoolExecutor$ScheduledFutureTask.access$301(Unknown Source)
	at java.util.concurrent.ScheduledThreadPoolExecutor$ScheduledFutureTask.run(Unknown Source)
	at java.util.concurrent.ThreadPoolExecutor.runWorker(Unknown Source)
	at java.util.concurrent.ThreadPoolExecutor$Worker.run(Unknown Source)
	at java.lang.Thread.run(Unknown Source)
2016.04.01 17:50:40 org.jivesoftware.openfire.container.AdminConsolePlugin - An exception occurred while trying to make available the admin console via HTTPS.
java.lang.NullPointerException
	at org.jivesoftware.openfire.container.AdminConsolePlugin.startup(AdminConsolePlugin.java:144)
	at org.jivesoftware.openfire.container.AdminConsolePlugin.initializePlugin(AdminConsolePlugin.java:244)
	at org.jivesoftware.openfire.container.PluginManager.loadPlugin(PluginManager.java:447)
	at org.jivesoftware.openfire.container.PluginManager.access$1(PluginManager.java:263)
	at org.jivesoftware.openfire.container.PluginManager$PluginMonitor.run(PluginManager.java:1037)
	at java.util.concurrent.Executors$RunnableAdapter.call(Unknown Source)
	at java.util.concurrent.FutureTask.runAndReset(Unknown Source)
	at java.util.concurrent.ScheduledThreadPoolExecutor$ScheduledFutureTask.access$301(Unknown Source)
	at java.util.concurrent.ScheduledThreadPoolExecutor$ScheduledFutureTask.run(Unknown Source)
	at java.util.concurrent.ThreadPoolExecutor.runWorker(Unknown Source)
	at java.util.concurrent.ThreadPoolExecutor$Worker.run(Unknown Source)
	at java.lang.Thread.run(Unknown Source)
2016.04.01 17:50:41 org.jivesoftware.openfire.container.AdminConsolePlugin - Could not start admin console server
java.net.BindException: Address already in use: bind
	at sun.nio.ch.Net.bind0(Native Method)
	at sun.nio.ch.Net.bind(Unknown Source)
	at sun.nio.ch.Net.bind(Unknown Source)
	at sun.nio.ch.ServerSocketChannelImpl.bind(Unknown Source)
	at sun.nio.ch.ServerSocketAdaptor.bind(Unknown Source)
	at org.eclipse.jetty.server.ServerConnector.open(ServerConnector.java:321)
	at org.eclipse.jetty.server.AbstractNetworkConnector.doStart(AbstractNetworkConnector.java:80)
	at org.eclipse.jetty.server.ServerConnector.doStart(ServerConnector.java:236)
	at org.eclipse.jetty.util.component.AbstractLifeCycle.start(AbstractLifeCycle.java:68)
	at org.eclipse.jetty.server.Server.doStart(Server.java:366)
	at org.eclipse.jetty.util.component.AbstractLifeCycle.start(AbstractLifeCycle.java:68)
	at org.jivesoftware.openfire.container.AdminConsolePlugin.startup(AdminConsolePlugin.java:208)
	at org.jivesoftware.openfire.container.AdminConsolePlugin.initializePlugin(AdminConsolePlugin.java:244)
	at org.jivesoftware.openfire.container.PluginManager.loadPlugin(PluginManager.java:447)
	at org.jivesoftware.openfire.container.PluginManager.access$1(PluginManager.java:263)
	at org.jivesoftware.openfire.container.PluginManager$PluginMonitor.run(PluginManager.java:1037)
	at java.util.concurrent.Executors$RunnableAdapter.call(Unknown Source)
	at java.util.concurrent.FutureTask.runAndReset(Unknown Source)
	at java.util.concurrent.ScheduledThreadPoolExecutor$ScheduledFutureTask.access$301(Unknown Source)
	at java.util.concurrent.ScheduledThreadPoolExecutor$ScheduledFutureTask.run(Unknown Source)
	at java.util.concurrent.ThreadPoolExecutor.runWorker(Unknown Source)
	at java.util.concurrent.ThreadPoolExecutor$Worker.run(Unknown Source)
	at java.lang.Thread.run(Unknown Source)
2016.04.01 17:54:39 org.jivesoftware.openfire.container.AdminConsolePlugin - An exception occurred while trying to make available the admin console via HTTPS.
java.lang.NullPointerException
	at org.jivesoftware.openfire.container.AdminConsolePlugin.startup(AdminConsolePlugin.java:144)
	at org.jivesoftware.openfire.container.AdminConsolePlugin.initializePlugin(AdminConsolePlugin.java:244)
	at org.jivesoftware.openfire.container.PluginManager.loadPlugin(PluginManager.java:447)
	at org.jivesoftware.openfire.container.PluginManager.access$1(PluginManager.java:263)
	at org.jivesoftware.openfire.container.PluginManager$PluginMonitor.run(PluginManager.java:1037)
	at java.util.concurrent.Executors$RunnableAdapter.call(Unknown Source)
	at java.util.concurrent.FutureTask.runAndReset(Unknown Source)
	at java.util.concurrent.ScheduledThreadPoolExecutor$ScheduledFutureTask.access$301(Unknown Source)
	at java.util.concurrent.ScheduledThreadPoolExecutor$ScheduledFutureTask.run(Unknown Source)
	at java.util.concurrent.ThreadPoolExecutor.runWorker(Unknown Source)
	at java.util.concurrent.ThreadPoolExecutor$Worker.run(Unknown Source)
	at java.lang.Thread.run(Unknown Source)
2016.04.01 17:54:39 org.jivesoftware.openfire.container.AdminConsolePlugin - Could not start admin console server
java.net.BindException: Address already in use: bind
	at sun.nio.ch.Net.bind0(Native Method)
	at sun.nio.ch.Net.bind(Unknown Source)
	at sun.nio.ch.Net.bind(Unknown Source)
	at sun.nio.ch.ServerSocketChannelImpl.bind(Unknown Source)
	at sun.nio.ch.ServerSocketAdaptor.bind(Unknown Source)
	at org.eclipse.jetty.server.ServerConnector.open(ServerConnector.java:321)
	at org.eclipse.jetty.server.AbstractNetworkConnector.doStart(AbstractNetworkConnector.java:80)
	at org.eclipse.jetty.server.ServerConnector.doStart(ServerConnector.java:236)
	at org.eclipse.jetty.util.component.AbstractLifeCycle.start(AbstractLifeCycle.java:68)
	at org.eclipse.jetty.server.Server.doStart(Server.java:366)
	at org.eclipse.jetty.util.component.AbstractLifeCycle.start(AbstractLifeCycle.java:68)
	at org.jivesoftware.openfire.container.AdminConsolePlugin.startup(AdminConsolePlugin.java:208)
	at org.jivesoftware.openfire.container.AdminConsolePlugin.initializePlugin(AdminConsolePlugin.java:244)
	at org.jivesoftware.openfire.container.PluginManager.loadPlugin(PluginManager.java:447)
	at org.jivesoftware.openfire.container.PluginManager.access$1(PluginManager.java:263)
	at org.jivesoftware.openfire.container.PluginManager$PluginMonitor.run(PluginManager.java:1037)
	at java.util.concurrent.Executors$RunnableAdapter.call(Unknown Source)
	at java.util.concurrent.FutureTask.runAndReset(Unknown Source)
	at java.util.concurrent.ScheduledThreadPoolExecutor$ScheduledFutureTask.access$301(Unknown Source)
	at java.util.concurrent.ScheduledThreadPoolExecutor$ScheduledFutureTask.run(Unknown Source)
	at java.util.concurrent.ThreadPoolExecutor.runWorker(Unknown Source)
	at java.util.concurrent.ThreadPoolExecutor$Worker.run(Unknown Source)
	at java.lang.Thread.run(Unknown Source)
2016.04.01 17:54:58 org.jivesoftware.openfire.container.AdminConsolePlugin - An exception occurred while trying to make available the admin console via HTTPS.
java.lang.NullPointerException
	at org.jivesoftware.openfire.container.AdminConsolePlugin.startup(AdminConsolePlugin.java:144)
	at org.jivesoftware.openfire.container.AdminConsolePlugin.initializePlugin(AdminConsolePlugin.java:244)
	at org.jivesoftware.openfire.container.PluginManager.loadPlugin(PluginManager.java:447)
	at org.jivesoftware.openfire.container.PluginManager.access$1(PluginManager.java:263)
	at org.jivesoftware.openfire.container.PluginManager$PluginMonitor.run(PluginManager.java:1037)
	at java.util.concurrent.Executors$RunnableAdapter.call(Unknown Source)
	at java.util.concurrent.FutureTask.runAndReset(Unknown Source)
	at java.util.concurrent.ScheduledThreadPoolExecutor$ScheduledFutureTask.access$301(Unknown Source)
	at java.util.concurrent.ScheduledThreadPoolExecutor$ScheduledFutureTask.run(Unknown Source)
	at java.util.concurrent.ThreadPoolExecutor.runWorker(Unknown Source)
	at java.util.concurrent.ThreadPoolExecutor$Worker.run(Unknown Source)
	at java.lang.Thread.run(Unknown Source)
2016.04.01 17:54:59 org.jivesoftware.openfire.container.AdminConsolePlugin - Could not start admin console server
java.net.BindException: Address already in use: bind
	at sun.nio.ch.Net.bind0(Native Method)
	at sun.nio.ch.Net.bind(Unknown Source)
	at sun.nio.ch.Net.bind(Unknown Source)
	at sun.nio.ch.ServerSocketChannelImpl.bind(Unknown Source)
	at sun.nio.ch.ServerSocketAdaptor.bind(Unknown Source)
	at org.eclipse.jetty.server.ServerConnector.open(ServerConnector.java:321)
	at org.eclipse.jetty.server.AbstractNetworkConnector.doStart(AbstractNetworkConnector.java:80)
	at org.eclipse.jetty.server.ServerConnector.doStart(ServerConnector.java:236)
	at org.eclipse.jetty.util.component.AbstractLifeCycle.start(AbstractLifeCycle.java:68)
	at org.eclipse.jetty.server.Server.doStart(Server.java:366)
	at org.eclipse.jetty.util.component.AbstractLifeCycle.start(AbstractLifeCycle.java:68)
	at org.jivesoftware.openfire.container.AdminConsolePlugin.startup(AdminConsolePlugin.java:208)
	at org.jivesoftware.openfire.container.AdminConsolePlugin.initializePlugin(AdminConsolePlugin.java:244)
	at org.jivesoftware.openfire.container.PluginManager.loadPlugin(PluginManager.java:447)
	at org.jivesoftware.openfire.container.PluginManager.access$1(PluginManager.java:263)
	at org.jivesoftware.openfire.container.PluginManager$PluginMonitor.run(PluginManager.java:1037)
	at java.util.concurrent.Executors$RunnableAdapter.call(Unknown Source)
	at java.util.concurrent.FutureTask.runAndReset(Unknown Source)
	at java.util.concurrent.ScheduledThreadPoolExecutor$ScheduledFutureTask.access$301(Unknown Source)
	at java.util.concurrent.ScheduledThreadPoolExecutor$ScheduledFutureTask.run(Unknown Source)
	at java.util.concurrent.ThreadPoolExecutor.runWorker(Unknown Source)
	at java.util.concurrent.ThreadPoolExecutor$Worker.run(Unknown Source)
	at java.lang.Thread.run(Unknown Source)
2016.04.01 18:09:44 org.jivesoftware.openfire.container.AdminConsolePlugin - An exception occurred while trying to make available the admin console via HTTPS.
java.lang.NullPointerException
	at org.jivesoftware.openfire.container.AdminConsolePlugin.startup(AdminConsolePlugin.java:144)
	at org.jivesoftware.openfire.container.AdminConsolePlugin.initializePlugin(AdminConsolePlugin.java:244)
	at org.jivesoftware.openfire.container.PluginManager.loadPlugin(PluginManager.java:447)
	at org.jivesoftware.openfire.container.PluginManager.access$1(PluginManager.java:263)
	at org.jivesoftware.openfire.container.PluginManager$PluginMonitor.run(PluginManager.java:1037)
	at java.util.concurrent.Executors$RunnableAdapter.call(Unknown Source)
	at java.util.concurrent.FutureTask.runAndReset(Unknown Source)
	at java.util.concurrent.ScheduledThreadPoolExecutor$ScheduledFutureTask.access$301(Unknown Source)
	at java.util.concurrent.ScheduledThreadPoolExecutor$ScheduledFutureTask.run(Unknown Source)
	at java.util.concurrent.ThreadPoolExecutor.runWorker(Unknown Source)
	at java.util.concurrent.ThreadPoolExecutor$Worker.run(Unknown Source)
	at java.lang.Thread.run(Unknown Source)
2016.04.01 18:09:45 org.jivesoftware.openfire.container.AdminConsolePlugin - Could not start admin console server
java.net.BindException: Address already in use: bind
	at sun.nio.ch.Net.bind0(Native Method)
	at sun.nio.ch.Net.bind(Unknown Source)
	at sun.nio.ch.Net.bind(Unknown Source)
	at sun.nio.ch.ServerSocketChannelImpl.bind(Unknown Source)
	at sun.nio.ch.ServerSocketAdaptor.bind(Unknown Source)
	at org.eclipse.jetty.server.ServerConnector.open(ServerConnector.java:321)
	at org.eclipse.jetty.server.AbstractNetworkConnector.doStart(AbstractNetworkConnector.java:80)
	at org.eclipse.jetty.server.ServerConnector.doStart(ServerConnector.java:236)
	at org.eclipse.jetty.util.component.AbstractLifeCycle.start(AbstractLifeCycle.java:68)
	at org.eclipse.jetty.server.Server.doStart(Server.java:366)
	at org.eclipse.jetty.util.component.AbstractLifeCycle.start(AbstractLifeCycle.java:68)
	at org.jivesoftware.openfire.container.AdminConsolePlugin.startup(AdminConsolePlugin.java:208)
	at org.jivesoftware.openfire.container.AdminConsolePlugin.initializePlugin(AdminConsolePlugin.java:244)
	at org.jivesoftware.openfire.container.PluginManager.loadPlugin(PluginManager.java:447)
	at org.jivesoftware.openfire.container.PluginManager.access$1(PluginManager.java:263)
	at org.jivesoftware.openfire.container.PluginManager$PluginMonitor.run(PluginManager.java:1037)
	at java.util.concurrent.Executors$RunnableAdapter.call(Unknown Source)
	at java.util.concurrent.FutureTask.runAndReset(Unknown Source)
	at java.util.concurrent.ScheduledThreadPoolExecutor$ScheduledFutureTask.access$301(Unknown Source)
	at java.util.concurrent.ScheduledThreadPoolExecutor$ScheduledFutureTask.run(Unknown Source)
	at java.util.concurrent.ThreadPoolExecutor.runWorker(Unknown Source)
	at java.util.concurrent.ThreadPoolExecutor$Worker.run(Unknown Source)
	at java.lang.Thread.run(Unknown Source)
2016.04.04 13:02:16 org.jivesoftware.openfire.container.AdminConsolePlugin - An exception occurred while trying to make available the admin console via HTTPS.
java.lang.NullPointerException
	at org.jivesoftware.openfire.container.AdminConsolePlugin.startup(AdminConsolePlugin.java:144)
	at org.jivesoftware.openfire.container.AdminConsolePlugin.initializePlugin(AdminConsolePlugin.java:244)
	at org.jivesoftware.openfire.container.PluginManager.loadPlugin(PluginManager.java:447)
	at org.jivesoftware.openfire.container.PluginManager.access$1(PluginManager.java:263)
	at org.jivesoftware.openfire.container.PluginManager$PluginMonitor.run(PluginManager.java:1037)
	at java.util.concurrent.Executors$RunnableAdapter.call(Unknown Source)
	at java.util.concurrent.FutureTask.runAndReset(Unknown Source)
	at java.util.concurrent.ScheduledThreadPoolExecutor$ScheduledFutureTask.access$301(Unknown Source)
	at java.util.concurrent.ScheduledThreadPoolExecutor$ScheduledFutureTask.run(Unknown Source)
	at java.util.concurrent.ThreadPoolExecutor.runWorker(Unknown Source)
	at java.util.concurrent.ThreadPoolExecutor$Worker.run(Unknown Source)
	at java.lang.Thread.run(Unknown Source)
2016.04.04 13:02:17 org.jivesoftware.openfire.container.AdminConsolePlugin - Could not start admin console server
java.net.BindException: Address already in use: bind
	at sun.nio.ch.Net.bind0(Native Method)
	at sun.nio.ch.Net.bind(Unknown Source)
	at sun.nio.ch.Net.bind(Unknown Source)
	at sun.nio.ch.ServerSocketChannelImpl.bind(Unknown Source)
	at sun.nio.ch.ServerSocketAdaptor.bind(Unknown Source)
	at org.eclipse.jetty.server.ServerConnector.open(ServerConnector.java:321)
	at org.eclipse.jetty.server.AbstractNetworkConnector.doStart(AbstractNetworkConnector.java:80)
	at org.eclipse.jetty.server.ServerConnector.doStart(ServerConnector.java:236)
	at org.eclipse.jetty.util.component.AbstractLifeCycle.start(AbstractLifeCycle.java:68)
	at org.eclipse.jetty.server.Server.doStart(Server.java:366)
	at org.eclipse.jetty.util.component.AbstractLifeCycle.start(AbstractLifeCycle.java:68)
	at org.jivesoftware.openfire.container.AdminConsolePlugin.startup(AdminConsolePlugin.java:208)
	at org.jivesoftware.openfire.container.AdminConsolePlugin.initializePlugin(AdminConsolePlugin.java:244)
	at org.jivesoftware.openfire.container.PluginManager.loadPlugin(PluginManager.java:447)
	at org.jivesoftware.openfire.container.PluginManager.access$1(PluginManager.java:263)
	at org.jivesoftware.openfire.container.PluginManager$PluginMonitor.run(PluginManager.java:1037)
	at java.util.concurrent.Executors$RunnableAdapter.call(Unknown Source)
	at java.util.concurrent.FutureTask.runAndReset(Unknown Source)
	at java.util.concurrent.ScheduledThreadPoolExecutor$ScheduledFutureTask.access$301(Unknown Source)
	at java.util.concurrent.ScheduledThreadPoolExecutor$ScheduledFutureTask.run(Unknown Source)
	at java.util.concurrent.ThreadPoolExecutor.runWorker(Unknown Source)
	at java.util.concurrent.ThreadPoolExecutor$Worker.run(Unknown Source)
	at java.lang.Thread.run(Unknown Source)
2016.04.04 17:57:06 org.jivesoftware.openfire.container.AdminConsolePlugin - An exception occurred while trying to make available the admin console via HTTPS.
java.lang.NullPointerException
	at org.jivesoftware.openfire.container.AdminConsolePlugin.startup(AdminConsolePlugin.java:144)
	at org.jivesoftware.openfire.container.AdminConsolePlugin.initializePlugin(AdminConsolePlugin.java:244)
	at org.jivesoftware.openfire.container.PluginManager.loadPlugin(PluginManager.java:447)
	at org.jivesoftware.openfire.container.PluginManager.access$1(PluginManager.java:263)
	at org.jivesoftware.openfire.container.PluginManager$PluginMonitor.run(PluginManager.java:1037)
	at java.util.concurrent.Executors$RunnableAdapter.call(Executors.java:471)
	at java.util.concurrent.FutureTask.runAndReset(FutureTask.java:304)
	at java.util.concurrent.ScheduledThreadPoolExecutor$ScheduledFutureTask.access$301(ScheduledThreadPoolExecutor.java:178)
	at java.util.concurrent.ScheduledThreadPoolExecutor$ScheduledFutureTask.run(ScheduledThreadPoolExecutor.java:293)
	at java.util.concurrent.ThreadPoolExecutor.runWorker(ThreadPoolExecutor.java:1145)
	at java.util.concurrent.ThreadPoolExecutor$Worker.run(ThreadPoolExecutor.java:615)
	at java.lang.Thread.run(Thread.java:745)
2016.04.04 18:12:47 org.jivesoftware.openfire.container.AdminConsolePlugin - An exception occurred while trying to make available the admin console via HTTPS.
java.lang.NullPointerException
	at org.jivesoftware.openfire.container.AdminConsolePlugin.startup(AdminConsolePlugin.java:144)
	at org.jivesoftware.openfire.container.AdminConsolePlugin.initializePlugin(AdminConsolePlugin.java:244)
	at org.jivesoftware.openfire.container.PluginManager.loadPlugin(PluginManager.java:447)
	at org.jivesoftware.openfire.container.PluginManager.access$1(PluginManager.java:263)
	at org.jivesoftware.openfire.container.PluginManager$PluginMonitor.run(PluginManager.java:1037)
	at java.util.concurrent.Executors$RunnableAdapter.call(Executors.java:471)
	at java.util.concurrent.FutureTask.runAndReset(FutureTask.java:304)
	at java.util.concurrent.ScheduledThreadPoolExecutor$ScheduledFutureTask.access$301(ScheduledThreadPoolExecutor.java:178)
	at java.util.concurrent.ScheduledThreadPoolExecutor$ScheduledFutureTask.run(ScheduledThreadPoolExecutor.java:293)
	at java.util.concurrent.ThreadPoolExecutor.runWorker(ThreadPoolExecutor.java:1145)
	at java.util.concurrent.ThreadPoolExecutor$Worker.run(ThreadPoolExecutor.java:615)
	at java.lang.Thread.run(Thread.java:745)
2016.04.04 18:16:15 org.jivesoftware.openfire.container.AdminConsolePlugin - An exception occurred while trying to make available the admin console via HTTPS.
java.lang.NullPointerException
	at org.jivesoftware.openfire.container.AdminConsolePlugin.startup(AdminConsolePlugin.java:144)
	at org.jivesoftware.openfire.container.AdminConsolePlugin.initializePlugin(AdminConsolePlugin.java:244)
	at org.jivesoftware.openfire.container.PluginManager.loadPlugin(PluginManager.java:447)
	at org.jivesoftware.openfire.container.PluginManager.access$1(PluginManager.java:263)
	at org.jivesoftware.openfire.container.PluginManager$PluginMonitor.run(PluginManager.java:1037)
	at java.util.concurrent.Executors$RunnableAdapter.call(Executors.java:471)
	at java.util.concurrent.FutureTask.runAndReset(FutureTask.java:304)
	at java.util.concurrent.ScheduledThreadPoolExecutor$ScheduledFutureTask.access$301(ScheduledThreadPoolExecutor.java:178)
	at java.util.concurrent.ScheduledThreadPoolExecutor$ScheduledFutureTask.run(ScheduledThreadPoolExecutor.java:293)
	at java.util.concurrent.ThreadPoolExecutor.runWorker(ThreadPoolExecutor.java:1145)
	at java.util.concurrent.ThreadPoolExecutor$Worker.run(ThreadPoolExecutor.java:615)
	at java.lang.Thread.run(Thread.java:745)
2016.04.04 18:34:41 org.jivesoftware.openfire.container.AdminConsolePlugin - An exception occurred while trying to make available the admin console via HTTPS.
java.lang.NullPointerException
	at org.jivesoftware.openfire.container.AdminConsolePlugin.startup(AdminConsolePlugin.java:144)
	at org.jivesoftware.openfire.container.AdminConsolePlugin.initializePlugin(AdminConsolePlugin.java:244)
	at org.jivesoftware.openfire.container.PluginManager.loadPlugin(PluginManager.java:447)
	at org.jivesoftware.openfire.container.PluginManager.access$1(PluginManager.java:263)
	at org.jivesoftware.openfire.container.PluginManager$PluginMonitor.run(PluginManager.java:1037)
	at java.util.concurrent.Executors$RunnableAdapter.call(Executors.java:471)
	at java.util.concurrent.FutureTask.runAndReset(FutureTask.java:304)
	at java.util.concurrent.ScheduledThreadPoolExecutor$ScheduledFutureTask.access$301(ScheduledThreadPoolExecutor.java:178)
	at java.util.concurrent.ScheduledThreadPoolExecutor$ScheduledFutureTask.run(ScheduledThreadPoolExecutor.java:293)
	at java.util.concurrent.ThreadPoolExecutor.runWorker(ThreadPoolExecutor.java:1145)
	at java.util.concurrent.ThreadPoolExecutor$Worker.run(ThreadPoolExecutor.java:615)
	at java.lang.Thread.run(Thread.java:745)
2016.04.04 18:34:41 org.jivesoftware.openfire.container.AdminConsolePlugin - Could not start admin console server
java.net.BindException: Address already in use: bind
	at sun.nio.ch.Net.bind0(Native Method)
	at sun.nio.ch.Net.bind(Net.java:444)
	at sun.nio.ch.Net.bind(Net.java:436)
	at sun.nio.ch.ServerSocketChannelImpl.bind(ServerSocketChannelImpl.java:214)
	at sun.nio.ch.ServerSocketAdaptor.bind(ServerSocketAdaptor.java:74)
	at org.eclipse.jetty.server.ServerConnector.open(ServerConnector.java:321)
	at org.eclipse.jetty.server.AbstractNetworkConnector.doStart(AbstractNetworkConnector.java:80)
	at org.eclipse.jetty.server.ServerConnector.doStart(ServerConnector.java:236)
	at org.eclipse.jetty.util.component.AbstractLifeCycle.start(AbstractLifeCycle.java:68)
	at org.eclipse.jetty.server.Server.doStart(Server.java:366)
	at org.eclipse.jetty.util.component.AbstractLifeCycle.start(AbstractLifeCycle.java:68)
	at org.jivesoftware.openfire.container.AdminConsolePlugin.startup(AdminConsolePlugin.java:208)
	at org.jivesoftware.openfire.container.AdminConsolePlugin.initializePlugin(AdminConsolePlugin.java:244)
	at org.jivesoftware.openfire.container.PluginManager.loadPlugin(PluginManager.java:447)
	at org.jivesoftware.openfire.container.PluginManager.access$1(PluginManager.java:263)
	at org.jivesoftware.openfire.container.PluginManager$PluginMonitor.run(PluginManager.java:1037)
	at java.util.concurrent.Executors$RunnableAdapter.call(Executors.java:471)
	at java.util.concurrent.FutureTask.runAndReset(FutureTask.java:304)
	at java.util.concurrent.ScheduledThreadPoolExecutor$ScheduledFutureTask.access$301(ScheduledThreadPoolExecutor.java:178)
	at java.util.concurrent.ScheduledThreadPoolExecutor$ScheduledFutureTask.run(ScheduledThreadPoolExecutor.java:293)
	at java.util.concurrent.ThreadPoolExecutor.runWorker(ThreadPoolExecutor.java:1145)
	at java.util.concurrent.ThreadPoolExecutor$Worker.run(ThreadPoolExecutor.java:615)
	at java.lang.Thread.run(Thread.java:745)
2016.04.04 18:42:11 org.jivesoftware.openfire.container.AdminConsolePlugin - An exception occurred while trying to make available the admin console via HTTPS.
java.lang.NullPointerException
	at org.jivesoftware.openfire.container.AdminConsolePlugin.startup(AdminConsolePlugin.java:144)
	at org.jivesoftware.openfire.container.AdminConsolePlugin.initializePlugin(AdminConsolePlugin.java:244)
	at org.jivesoftware.openfire.container.PluginManager.loadPlugin(PluginManager.java:447)
	at org.jivesoftware.openfire.container.PluginManager.access$1(PluginManager.java:263)
	at org.jivesoftware.openfire.container.PluginManager$PluginMonitor.run(PluginManager.java:1037)
	at java.util.concurrent.Executors$RunnableAdapter.call(Executors.java:471)
	at java.util.concurrent.FutureTask.runAndReset(FutureTask.java:304)
	at java.util.concurrent.ScheduledThreadPoolExecutor$ScheduledFutureTask.access$301(ScheduledThreadPoolExecutor.java:178)
	at java.util.concurrent.ScheduledThreadPoolExecutor$ScheduledFutureTask.run(ScheduledThreadPoolExecutor.java:293)
	at java.util.concurrent.ThreadPoolExecutor.runWorker(ThreadPoolExecutor.java:1145)
	at java.util.concurrent.ThreadPoolExecutor$Worker.run(ThreadPoolExecutor.java:615)
	at java.lang.Thread.run(Thread.java:745)
2016.04.04 18:42:11 org.jivesoftware.openfire.container.AdminConsolePlugin - Could not start admin console server
java.net.BindException: Address already in use: bind
	at sun.nio.ch.Net.bind0(Native Method)
	at sun.nio.ch.Net.bind(Net.java:444)
	at sun.nio.ch.Net.bind(Net.java:436)
	at sun.nio.ch.ServerSocketChannelImpl.bind(ServerSocketChannelImpl.java:214)
	at sun.nio.ch.ServerSocketAdaptor.bind(ServerSocketAdaptor.java:74)
	at org.eclipse.jetty.server.ServerConnector.open(ServerConnector.java:321)
	at org.eclipse.jetty.server.AbstractNetworkConnector.doStart(AbstractNetworkConnector.java:80)
	at org.eclipse.jetty.server.ServerConnector.doStart(ServerConnector.java:236)
	at org.eclipse.jetty.util.component.AbstractLifeCycle.start(AbstractLifeCycle.java:68)
	at org.eclipse.jetty.server.Server.doStart(Server.java:366)
	at org.eclipse.jetty.util.component.AbstractLifeCycle.start(AbstractLifeCycle.java:68)
	at org.jivesoftware.openfire.container.AdminConsolePlugin.startup(AdminConsolePlugin.java:208)
	at org.jivesoftware.openfire.container.AdminConsolePlugin.initializePlugin(AdminConsolePlugin.java:244)
	at org.jivesoftware.openfire.container.PluginManager.loadPlugin(PluginManager.java:447)
	at org.jivesoftware.openfire.container.PluginManager.access$1(PluginManager.java:263)
	at org.jivesoftware.openfire.container.PluginManager$PluginMonitor.run(PluginManager.java:1037)
	at java.util.concurrent.Executors$RunnableAdapter.call(Executors.java:471)
	at java.util.concurrent.FutureTask.runAndReset(FutureTask.java:304)
	at java.util.concurrent.ScheduledThreadPoolExecutor$ScheduledFutureTask.access$301(ScheduledThreadPoolExecutor.java:178)
	at java.util.concurrent.ScheduledThreadPoolExecutor$ScheduledFutureTask.run(ScheduledThreadPoolExecutor.java:293)
	at java.util.concurrent.ThreadPoolExecutor.runWorker(ThreadPoolExecutor.java:1145)
	at java.util.concurrent.ThreadPoolExecutor$Worker.run(ThreadPoolExecutor.java:615)
	at java.lang.Thread.run(Thread.java:745)
2016.04.04 18:54:31 org.jivesoftware.openfire.container.AdminConsolePlugin - An exception occurred while trying to make available the admin console via HTTPS.
java.lang.NullPointerException
	at org.jivesoftware.openfire.container.AdminConsolePlugin.startup(AdminConsolePlugin.java:144)
	at org.jivesoftware.openfire.container.AdminConsolePlugin.initializePlugin(AdminConsolePlugin.java:244)
	at org.jivesoftware.openfire.container.PluginManager.loadPlugin(PluginManager.java:447)
	at org.jivesoftware.openfire.container.PluginManager.access$1(PluginManager.java:263)
	at org.jivesoftware.openfire.container.PluginManager$PluginMonitor.run(PluginManager.java:1037)
	at java.util.concurrent.Executors$RunnableAdapter.call(Executors.java:471)
	at java.util.concurrent.FutureTask.runAndReset(FutureTask.java:304)
	at java.util.concurrent.ScheduledThreadPoolExecutor$ScheduledFutureTask.access$301(ScheduledThreadPoolExecutor.java:178)
	at java.util.concurrent.ScheduledThreadPoolExecutor$ScheduledFutureTask.run(ScheduledThreadPoolExecutor.java:293)
	at java.util.concurrent.ThreadPoolExecutor.runWorker(ThreadPoolExecutor.java:1145)
	at java.util.concurrent.ThreadPoolExecutor$Worker.run(ThreadPoolExecutor.java:615)
	at java.lang.Thread.run(Thread.java:745)
2016.04.04 18:54:31 org.jivesoftware.openfire.container.AdminConsolePlugin - Could not start admin console server
java.net.BindException: Address already in use: bind
	at sun.nio.ch.Net.bind0(Native Method)
	at sun.nio.ch.Net.bind(Net.java:444)
	at sun.nio.ch.Net.bind(Net.java:436)
	at sun.nio.ch.ServerSocketChannelImpl.bind(ServerSocketChannelImpl.java:214)
	at sun.nio.ch.ServerSocketAdaptor.bind(ServerSocketAdaptor.java:74)
	at org.eclipse.jetty.server.ServerConnector.open(ServerConnector.java:321)
	at org.eclipse.jetty.server.AbstractNetworkConnector.doStart(AbstractNetworkConnector.java:80)
	at org.eclipse.jetty.server.ServerConnector.doStart(ServerConnector.java:236)
	at org.eclipse.jetty.util.component.AbstractLifeCycle.start(AbstractLifeCycle.java:68)
	at org.eclipse.jetty.server.Server.doStart(Server.java:366)
	at org.eclipse.jetty.util.component.AbstractLifeCycle.start(AbstractLifeCycle.java:68)
	at org.jivesoftware.openfire.container.AdminConsolePlugin.startup(AdminConsolePlugin.java:208)
	at org.jivesoftware.openfire.container.AdminConsolePlugin.initializePlugin(AdminConsolePlugin.java:244)
	at org.jivesoftware.openfire.container.PluginManager.loadPlugin(PluginManager.java:447)
	at org.jivesoftware.openfire.container.PluginManager.access$1(PluginManager.java:263)
	at org.jivesoftware.openfire.container.PluginManager$PluginMonitor.run(PluginManager.java:1037)
	at java.util.concurrent.Executors$RunnableAdapter.call(Executors.java:471)
	at java.util.concurrent.FutureTask.runAndReset(FutureTask.java:304)
	at java.util.concurrent.ScheduledThreadPoolExecutor$ScheduledFutureTask.access$301(ScheduledThreadPoolExecutor.java:178)
	at java.util.concurrent.ScheduledThreadPoolExecutor$ScheduledFutureTask.run(ScheduledThreadPoolExecutor.java:293)
	at java.util.concurrent.ThreadPoolExecutor.runWorker(ThreadPoolExecutor.java:1145)
	at java.util.concurrent.ThreadPoolExecutor$Worker.run(ThreadPoolExecutor.java:615)
	at java.lang.Thread.run(Thread.java:745)
2016.04.04 18:54:32 org.jivesoftware.openfire.container.AdminConsolePlugin - An exception occurred while trying to make available the admin console via HTTPS.
java.lang.NullPointerException
	at org.jivesoftware.openfire.container.AdminConsolePlugin.startup(AdminConsolePlugin.java:144)
	at org.jivesoftware.openfire.container.AdminConsolePlugin.initializePlugin(AdminConsolePlugin.java:244)
	at org.jivesoftware.openfire.container.PluginManager.loadPlugin(PluginManager.java:447)
	at org.jivesoftware.openfire.container.PluginManager.access$1(PluginManager.java:263)
	at org.jivesoftware.openfire.container.PluginManager$PluginMonitor.run(PluginManager.java:1037)
	at java.util.concurrent.Executors$RunnableAdapter.call(Executors.java:471)
	at java.util.concurrent.FutureTask.runAndReset(FutureTask.java:304)
	at java.util.concurrent.ScheduledThreadPoolExecutor$ScheduledFutureTask.access$301(ScheduledThreadPoolExecutor.java:178)
	at java.util.concurrent.ScheduledThreadPoolExecutor$ScheduledFutureTask.run(ScheduledThreadPoolExecutor.java:293)
	at java.util.concurrent.ThreadPoolExecutor.runWorker(ThreadPoolExecutor.java:1145)
	at java.util.concurrent.ThreadPoolExecutor$Worker.run(ThreadPoolExecutor.java:615)
	at java.lang.Thread.run(Thread.java:745)
2016.04.04 18:54:33 org.jivesoftware.openfire.container.AdminConsolePlugin - Could not start admin console server
java.net.BindException: Address already in use: bind
	at sun.nio.ch.Net.bind0(Native Method)
	at sun.nio.ch.Net.bind(Net.java:444)
	at sun.nio.ch.Net.bind(Net.java:436)
	at sun.nio.ch.ServerSocketChannelImpl.bind(ServerSocketChannelImpl.java:214)
	at sun.nio.ch.ServerSocketAdaptor.bind(ServerSocketAdaptor.java:74)
	at org.eclipse.jetty.server.ServerConnector.open(ServerConnector.java:321)
	at org.eclipse.jetty.server.AbstractNetworkConnector.doStart(AbstractNetworkConnector.java:80)
	at org.eclipse.jetty.server.ServerConnector.doStart(ServerConnector.java:236)
	at org.eclipse.jetty.util.component.AbstractLifeCycle.start(AbstractLifeCycle.java:68)
	at org.eclipse.jetty.server.Server.doStart(Server.java:366)
	at org.eclipse.jetty.util.component.AbstractLifeCycle.start(AbstractLifeCycle.java:68)
	at org.jivesoftware.openfire.container.AdminConsolePlugin.startup(AdminConsolePlugin.java:208)
	at org.jivesoftware.openfire.container.AdminConsolePlugin.initializePlugin(AdminConsolePlugin.java:244)
	at org.jivesoftware.openfire.container.PluginManager.loadPlugin(PluginManager.java:447)
	at org.jivesoftware.openfire.container.PluginManager.access$1(PluginManager.java:263)
	at org.jivesoftware.openfire.container.PluginManager$PluginMonitor.run(PluginManager.java:1037)
	at java.util.concurrent.Executors$RunnableAdapter.call(Executors.java:471)
	at java.util.concurrent.FutureTask.runAndReset(FutureTask.java:304)
	at java.util.concurrent.ScheduledThreadPoolExecutor$ScheduledFutureTask.access$301(ScheduledThreadPoolExecutor.java:178)
	at java.util.concurrent.ScheduledThreadPoolExecutor$ScheduledFutureTask.run(ScheduledThreadPoolExecutor.java:293)
	at java.util.concurrent.ThreadPoolExecutor.runWorker(ThreadPoolExecutor.java:1145)
	at java.util.concurrent.ThreadPoolExecutor$Worker.run(ThreadPoolExecutor.java:615)
	at java.lang.Thread.run(Thread.java:745)
2016.04.04 18:55:01 org.jivesoftware.openfire.container.AdminConsolePlugin - An exception occurred while trying to make available the admin console via HTTPS.
java.lang.NullPointerException
	at org.jivesoftware.openfire.container.AdminConsolePlugin.startup(AdminConsolePlugin.java:144)
	at org.jivesoftware.openfire.container.AdminConsolePlugin.initializePlugin(AdminConsolePlugin.java:244)
	at org.jivesoftware.openfire.container.PluginManager.loadPlugin(PluginManager.java:447)
	at org.jivesoftware.openfire.container.PluginManager.access$1(PluginManager.java:263)
	at org.jivesoftware.openfire.container.PluginManager$PluginMonitor.run(PluginManager.java:1037)
	at java.util.concurrent.Executors$RunnableAdapter.call(Executors.java:471)
	at java.util.concurrent.FutureTask.runAndReset(FutureTask.java:304)
	at java.util.concurrent.ScheduledThreadPoolExecutor$ScheduledFutureTask.access$301(ScheduledThreadPoolExecutor.java:178)
	at java.util.concurrent.ScheduledThreadPoolExecutor$ScheduledFutureTask.run(ScheduledThreadPoolExecutor.java:293)
	at java.util.concurrent.ThreadPoolExecutor.runWorker(ThreadPoolExecutor.java:1145)
	at java.util.concurrent.ThreadPoolExecutor$Worker.run(ThreadPoolExecutor.java:615)
	at java.lang.Thread.run(Thread.java:745)
2016.04.04 18:55:02 org.jivesoftware.openfire.container.AdminConsolePlugin - Could not start admin console server
java.net.BindException: Address already in use: bind
	at sun.nio.ch.Net.bind0(Native Method)
	at sun.nio.ch.Net.bind(Net.java:444)
	at sun.nio.ch.Net.bind(Net.java:436)
	at sun.nio.ch.ServerSocketChannelImpl.bind(ServerSocketChannelImpl.java:214)
	at sun.nio.ch.ServerSocketAdaptor.bind(ServerSocketAdaptor.java:74)
	at org.eclipse.jetty.server.ServerConnector.open(ServerConnector.java:321)
	at org.eclipse.jetty.server.AbstractNetworkConnector.doStart(AbstractNetworkConnector.java:80)
	at org.eclipse.jetty.server.ServerConnector.doStart(ServerConnector.java:236)
	at org.eclipse.jetty.util.component.AbstractLifeCycle.start(AbstractLifeCycle.java:68)
	at org.eclipse.jetty.server.Server.doStart(Server.java:366)
	at org.eclipse.jetty.util.component.AbstractLifeCycle.start(AbstractLifeCycle.java:68)
	at org.jivesoftware.openfire.container.AdminConsolePlugin.startup(AdminConsolePlugin.java:208)
	at org.jivesoftware.openfire.container.AdminConsolePlugin.initializePlugin(AdminConsolePlugin.java:244)
	at org.jivesoftware.openfire.container.PluginManager.loadPlugin(PluginManager.java:447)
	at org.jivesoftware.openfire.container.PluginManager.access$1(PluginManager.java:263)
	at org.jivesoftware.openfire.container.PluginManager$PluginMonitor.run(PluginManager.java:1037)
	at java.util.concurrent.Executors$RunnableAdapter.call(Executors.java:471)
	at java.util.concurrent.FutureTask.runAndReset(FutureTask.java:304)
	at java.util.concurrent.ScheduledThreadPoolExecutor$ScheduledFutureTask.access$301(ScheduledThreadPoolExecutor.java:178)
	at java.util.concurrent.ScheduledThreadPoolExecutor$ScheduledFutureTask.run(ScheduledThreadPoolExecutor.java:293)
	at java.util.concurrent.ThreadPoolExecutor.runWorker(ThreadPoolExecutor.java:1145)
	at java.util.concurrent.ThreadPoolExecutor$Worker.run(ThreadPoolExecutor.java:615)
	at java.lang.Thread.run(Thread.java:745)
2016.04.06 11:28:53 org.jivesoftware.openfire.container.AdminConsolePlugin - An exception occurred while trying to make available the admin console via HTTPS.
java.lang.NullPointerException
	at org.jivesoftware.openfire.container.AdminConsolePlugin.startup(AdminConsolePlugin.java:144)
	at org.jivesoftware.openfire.container.AdminConsolePlugin.initializePlugin(AdminConsolePlugin.java:244)
	at org.jivesoftware.openfire.container.PluginManager.loadPlugin(PluginManager.java:447)
	at org.jivesoftware.openfire.container.PluginManager.access$1(PluginManager.java:263)
	at org.jivesoftware.openfire.container.PluginManager$PluginMonitor.run(PluginManager.java:1037)
	at java.util.concurrent.Executors$RunnableAdapter.call(Unknown Source)
	at java.util.concurrent.FutureTask.runAndReset(Unknown Source)
	at java.util.concurrent.ScheduledThreadPoolExecutor$ScheduledFutureTask.access$301(Unknown Source)
	at java.util.concurrent.ScheduledThreadPoolExecutor$ScheduledFutureTask.run(Unknown Source)
	at java.util.concurrent.ThreadPoolExecutor.runWorker(Unknown Source)
	at java.util.concurrent.ThreadPoolExecutor$Worker.run(Unknown Source)
	at java.lang.Thread.run(Unknown Source)
2016.04.08 10:39:55 org.jivesoftware.util.XMLProperties - D:\Saveen_Android\AndroidNew\Openfire\OpenfireAll\openfirenew\conf\security.xml.tmp -> D:\Saveen_Android\AndroidNew\Openfire\OpenfireAll\openfirenew\conf\security.xml: The process cannot access the file because it is being used by another process.

java.nio.file.FileSystemException: D:\Saveen_Android\AndroidNew\Openfire\OpenfireAll\openfirenew\conf\security.xml.tmp -> D:\Saveen_Android\AndroidNew\Openfire\OpenfireAll\openfirenew\conf\security.xml: The process cannot access the file because it is being used by another process.

	at sun.nio.fs.WindowsException.translateToIOException(Unknown Source)
	at sun.nio.fs.WindowsException.rethrowAsIOException(Unknown Source)
	at sun.nio.fs.WindowsFileCopy.copy(Unknown Source)
	at sun.nio.fs.WindowsFileSystemProvider.copy(Unknown Source)
	at java.nio.file.Files.copy(Unknown Source)
	at org.jivesoftware.util.XMLProperties.saveProperties(XMLProperties.java:780)
	at org.jivesoftware.util.XMLProperties.setProperty(XMLProperties.java:663)
	at org.jivesoftware.util.JiveGlobals.setupPropertyEncryption(JiveGlobals.java:1141)
	at org.jivesoftware.util.JiveGlobals.loadSecurityProperties(JiveGlobals.java:1047)
	at org.jivesoftware.util.JiveGlobals.isPropertyEncrypted(JiveGlobals.java:803)
	at org.jivesoftware.util.XMLProperties.getProperty(XMLProperties.java:214)
	at org.jivesoftware.util.XMLProperties.getProperty(XMLProperties.java:179)
	at org.jivesoftware.util.JiveGlobals.getLocale(JiveGlobals.java:108)
	at org.jivesoftware.util.LocaleUtils.getLocalizedString(LocaleUtils.java:371)
	at org.jivesoftware.openfire.XMPPServer.start(XMPPServer.java:464)
	at org.jivesoftware.openfire.XMPPServer.<init>(XMPPServer.java:169)
	at sun.reflect.NativeConstructorAccessorImpl.newInstance0(Native Method)
	at sun.reflect.NativeConstructorAccessorImpl.newInstance(Unknown Source)
	at sun.reflect.DelegatingConstructorAccessorImpl.newInstance(Unknown Source)
	at java.lang.reflect.Constructor.newInstance(Unknown Source)
	at java.lang.Class.newInstance(Unknown Source)
	at org.jivesoftware.openfire.starter.ServerStarter.start(ServerStarter.java:105)
	at org.jivesoftware.openfire.starter.ServerStarter.main(ServerStarter.java:56)
2016.04.08 10:39:56 org.jivesoftware.openfire.container.AdminConsolePlugin - An exception occurred while trying to make available the admin console via HTTPS.
java.lang.NullPointerException
	at org.jivesoftware.openfire.container.AdminConsolePlugin.startup(AdminConsolePlugin.java:144)
	at org.jivesoftware.openfire.container.AdminConsolePlugin.initializePlugin(AdminConsolePlugin.java:244)
	at org.jivesoftware.openfire.container.PluginManager.loadPlugin(PluginManager.java:447)
	at org.jivesoftware.openfire.container.PluginManager.access$1(PluginManager.java:263)
	at org.jivesoftware.openfire.container.PluginManager$PluginMonitor.run(PluginManager.java:1037)
	at java.util.concurrent.Executors$RunnableAdapter.call(Unknown Source)
	at java.util.concurrent.FutureTask.runAndReset(Unknown Source)
	at java.util.concurrent.ScheduledThreadPoolExecutor$ScheduledFutureTask.access$301(Unknown Source)
	at java.util.concurrent.ScheduledThreadPoolExecutor$ScheduledFutureTask.run(Unknown Source)
	at java.util.concurrent.ThreadPoolExecutor.runWorker(Unknown Source)
	at java.util.concurrent.ThreadPoolExecutor$Worker.run(Unknown Source)
	at java.lang.Thread.run(Unknown Source)
2016.04.08 10:39:56 org.jivesoftware.openfire.container.AdminConsolePlugin - An exception occurred while trying to make available the admin console via HTTPS.
java.lang.NullPointerException
	at org.jivesoftware.openfire.container.AdminConsolePlugin.startup(AdminConsolePlugin.java:144)
	at org.jivesoftware.openfire.container.AdminConsolePlugin.initializePlugin(AdminConsolePlugin.java:244)
	at org.jivesoftware.openfire.container.PluginManager.loadPlugin(PluginManager.java:447)
	at org.jivesoftware.openfire.container.PluginManager.access$1(PluginManager.java:263)
	at org.jivesoftware.openfire.container.PluginManager$PluginMonitor.run(PluginManager.java:1037)
	at java.util.concurrent.Executors$RunnableAdapter.call(Unknown Source)
	at java.util.concurrent.FutureTask.runAndReset(Unknown Source)
	at java.util.concurrent.ScheduledThreadPoolExecutor$ScheduledFutureTask.access$301(Unknown Source)
	at java.util.concurrent.ScheduledThreadPoolExecutor$ScheduledFutureTask.run(Unknown Source)
	at java.util.concurrent.ThreadPoolExecutor.runWorker(Unknown Source)
	at java.util.concurrent.ThreadPoolExecutor$Worker.run(Unknown Source)
	at java.lang.Thread.run(Unknown Source)
2016.04.08 10:39:57 org.jivesoftware.openfire.container.AdminConsolePlugin - Could not start admin console server
java.net.BindException: Address already in use: bind
	at sun.nio.ch.Net.bind0(Native Method)
	at sun.nio.ch.Net.bind(Unknown Source)
	at sun.nio.ch.Net.bind(Unknown Source)
	at sun.nio.ch.ServerSocketChannelImpl.bind(Unknown Source)
	at sun.nio.ch.ServerSocketAdaptor.bind(Unknown Source)
	at org.eclipse.jetty.server.ServerConnector.open(ServerConnector.java:321)
	at org.eclipse.jetty.server.AbstractNetworkConnector.doStart(AbstractNetworkConnector.java:80)
	at org.eclipse.jetty.server.ServerConnector.doStart(ServerConnector.java:236)
	at org.eclipse.jetty.util.component.AbstractLifeCycle.start(AbstractLifeCycle.java:68)
	at org.eclipse.jetty.server.Server.doStart(Server.java:366)
	at org.eclipse.jetty.util.component.AbstractLifeCycle.start(AbstractLifeCycle.java:68)
	at org.jivesoftware.openfire.container.AdminConsolePlugin.startup(AdminConsolePlugin.java:208)
	at org.jivesoftware.openfire.container.AdminConsolePlugin.initializePlugin(AdminConsolePlugin.java:244)
	at org.jivesoftware.openfire.container.PluginManager.loadPlugin(PluginManager.java:447)
	at org.jivesoftware.openfire.container.PluginManager.access$1(PluginManager.java:263)
	at org.jivesoftware.openfire.container.PluginManager$PluginMonitor.run(PluginManager.java:1037)
	at java.util.concurrent.Executors$RunnableAdapter.call(Unknown Source)
	at java.util.concurrent.FutureTask.runAndReset(Unknown Source)
	at java.util.concurrent.ScheduledThreadPoolExecutor$ScheduledFutureTask.access$301(Unknown Source)
	at java.util.concurrent.ScheduledThreadPoolExecutor$ScheduledFutureTask.run(Unknown Source)
	at java.util.concurrent.ThreadPoolExecutor.runWorker(Unknown Source)
	at java.util.concurrent.ThreadPoolExecutor$Worker.run(Unknown Source)
	at java.lang.Thread.run(Unknown Source)
2016.04.08 10:39:57 org.jivesoftware.openfire.container.AdminConsolePlugin - Could not start admin console server
java.net.BindException: Address already in use: bind
	at sun.nio.ch.Net.bind0(Native Method)
	at sun.nio.ch.Net.bind(Unknown Source)
	at sun.nio.ch.Net.bind(Unknown Source)
	at sun.nio.ch.ServerSocketChannelImpl.bind(Unknown Source)
	at sun.nio.ch.ServerSocketAdaptor.bind(Unknown Source)
	at org.eclipse.jetty.server.ServerConnector.open(ServerConnector.java:321)
	at org.eclipse.jetty.server.AbstractNetworkConnector.doStart(AbstractNetworkConnector.java:80)
	at org.eclipse.jetty.server.ServerConnector.doStart(ServerConnector.java:236)
	at org.eclipse.jetty.util.component.AbstractLifeCycle.start(AbstractLifeCycle.java:68)
	at org.eclipse.jetty.server.Server.doStart(Server.java:366)
	at org.eclipse.jetty.util.component.AbstractLifeCycle.start(AbstractLifeCycle.java:68)
	at org.jivesoftware.openfire.container.AdminConsolePlugin.startup(AdminConsolePlugin.java:208)
	at org.jivesoftware.openfire.container.AdminConsolePlugin.initializePlugin(AdminConsolePlugin.java:244)
	at org.jivesoftware.openfire.container.PluginManager.loadPlugin(PluginManager.java:447)
	at org.jivesoftware.openfire.container.PluginManager.access$1(PluginManager.java:263)
	at org.jivesoftware.openfire.container.PluginManager$PluginMonitor.run(PluginManager.java:1037)
	at java.util.concurrent.Executors$RunnableAdapter.call(Unknown Source)
	at java.util.concurrent.FutureTask.runAndReset(Unknown Source)
	at java.util.concurrent.ScheduledThreadPoolExecutor$ScheduledFutureTask.access$301(Unknown Source)
	at java.util.concurrent.ScheduledThreadPoolExecutor$ScheduledFutureTask.run(Unknown Source)
	at java.util.concurrent.ThreadPoolExecutor.runWorker(Unknown Source)
	at java.util.concurrent.ThreadPoolExecutor$Worker.run(Unknown Source)
	at java.lang.Thread.run(Unknown Source)
2016.04.08 18:09:59 org.jivesoftware.openfire.container.AdminConsolePlugin - An exception occurred while trying to make available the admin console via HTTPS.
java.lang.NullPointerException
	at org.jivesoftware.openfire.container.AdminConsolePlugin.startup(AdminConsolePlugin.java:144)
	at org.jivesoftware.openfire.container.AdminConsolePlugin.initializePlugin(AdminConsolePlugin.java:244)
	at org.jivesoftware.openfire.container.PluginManager.loadPlugin(PluginManager.java:447)
	at org.jivesoftware.openfire.container.PluginManager.access$1(PluginManager.java:263)
	at org.jivesoftware.openfire.container.PluginManager$PluginMonitor.run(PluginManager.java:1037)
	at java.util.concurrent.Executors$RunnableAdapter.call(Unknown Source)
	at java.util.concurrent.FutureTask.runAndReset(Unknown Source)
	at java.util.concurrent.ScheduledThreadPoolExecutor$ScheduledFutureTask.access$301(Unknown Source)
	at java.util.concurrent.ScheduledThreadPoolExecutor$ScheduledFutureTask.run(Unknown Source)
	at java.util.concurrent.ThreadPoolExecutor.runWorker(Unknown Source)
	at java.util.concurrent.ThreadPoolExecutor$Worker.run(Unknown Source)
	at java.lang.Thread.run(Unknown Source)
2016.04.08 18:50:07 org.jivesoftware.openfire.container.AdminConsolePlugin - An exception occurred while trying to make available the admin console via HTTPS.
java.lang.NullPointerException
	at org.jivesoftware.openfire.container.AdminConsolePlugin.startup(AdminConsolePlugin.java:144)
	at org.jivesoftware.openfire.container.AdminConsolePlugin.initializePlugin(AdminConsolePlugin.java:244)
	at org.jivesoftware.openfire.container.PluginManager.loadPlugin(PluginManager.java:447)
	at org.jivesoftware.openfire.container.PluginManager.access$1(PluginManager.java:263)
	at org.jivesoftware.openfire.container.PluginManager$PluginMonitor.run(PluginManager.java:1037)
	at java.util.concurrent.Executors$RunnableAdapter.call(Unknown Source)
	at java.util.concurrent.FutureTask.runAndReset(Unknown Source)
	at java.util.concurrent.ScheduledThreadPoolExecutor$ScheduledFutureTask.access$301(Unknown Source)
	at java.util.concurrent.ScheduledThreadPoolExecutor$ScheduledFutureTask.run(Unknown Source)
	at java.util.concurrent.ThreadPoolExecutor.runWorker(Unknown Source)
	at java.util.concurrent.ThreadPoolExecutor$Worker.run(Unknown Source)
	at java.lang.Thread.run(Unknown Source)
